!SESSION 2016-02-15 15:48:24.506 -----------------------------------------------
eclipse.buildId=4.5.1.M20150904-0015
java.version=1.8.0_65
java.vendor=Oracle Corporation
BootLoader constants: OS=win32, ARCH=x86_64, WS=win32, NL=en_US
Framework arguments:  -product org.eclipse.epp.package.java.product
Command-line arguments:  -os win32 -ws win32 -arch x86_64 -product org.eclipse.epp.package.java.product

!ENTRY org.eclipse.egit.ui 2 0 2016-02-15 15:50:05.171
!MESSAGE Warning: The environment variable HOME is not set. The following directory will be used to store the Git
user global configuration and to define the default location to store repositories: 'C:\Users\faisal.therap'. If this is
not correct please set the HOME environment variable and restart Eclipse. Otherwise Git for Windows and
EGit might behave differently since they see different configuration options.
This warning can be switched off on the Team > Git > Confirmations and Warnings preference page.

!ENTRY org.eclipse.epp.logging.aeri.ui 2 5 2016-02-15 15:50:06.600
!MESSAGE The configuration download failed. Version: 1.0.1.v20150913-0716
!STACK 0
org.apache.http.conn.ConnectTimeoutException: Connect to dev.eclipse.org:443 [dev.eclipse.org/198.41.30.200] failed: connect timed out
	at org.apache.http.impl.conn.HttpClientConnectionOperator.connect(HttpClientConnectionOperator.java:134)
	at org.apache.http.impl.conn.PoolingHttpClientConnectionManager.connect(PoolingHttpClientConnectionManager.java:319)
	at org.apache.http.impl.execchain.MainClientExec.establishRoute(MainClientExec.java:363)
	at org.apache.http.impl.execchain.MainClientExec.execute(MainClientExec.java:219)
	at org.apache.http.impl.execchain.ProtocolExec.execute(ProtocolExec.java:195)
	at org.apache.http.impl.execchain.RetryExec.execute(RetryExec.java:86)
	at org.apache.http.impl.execchain.RedirectExec.execute(RedirectExec.java:108)
	at org.apache.http.impl.client.InternalHttpClient.doExecute(InternalHttpClient.java:184)
	at org.apache.http.impl.client.CloseableHttpClient.execute(CloseableHttpClient.java:82)
	at org.apache.http.impl.client.CloseableHttpClient.execute(CloseableHttpClient.java:57)
	at org.apache.http.client.fluent.Executor.execute(Executor.java:206)
	at org.eclipse.epp.internal.logging.aeri.ui.v2.AeriServer.request(AeriServer.java:57)
	at org.eclipse.epp.internal.logging.aeri.ui.v2.AeriServer.refreshConfiguration(AeriServer.java:73)
	at org.eclipse.epp.internal.logging.aeri.ide.Startup.initializeServerAndConfiguration(Startup.java:211)
	at org.eclipse.epp.internal.logging.aeri.ide.Startup.access$4(Startup.java:201)
	at org.eclipse.epp.internal.logging.aeri.ide.Startup$1.run(Startup.java:98)
	at org.eclipse.core.internal.jobs.Worker.run(Worker.java:55)
Caused by: java.net.SocketTimeoutException: connect timed out
	at java.net.DualStackPlainSocketImpl.waitForConnect(Native Method)
	at java.net.DualStackPlainSocketImpl.socketConnect(Unknown Source)
	at java.net.AbstractPlainSocketImpl.doConnect(Unknown Source)
	at java.net.AbstractPlainSocketImpl.connectToAddress(Unknown Source)
	at java.net.AbstractPlainSocketImpl.connect(Unknown Source)
	at java.net.PlainSocketImpl.connect(Unknown Source)
	at java.net.SocksSocketImpl.connect(Unknown Source)
	at java.net.Socket.connect(Unknown Source)
	at org.apache.http.conn.ssl.SSLConnectionSocketFactory.connectSocket(SSLConnectionSocketFactory.java:244)
	at org.apache.http.impl.conn.HttpClientConnectionOperator.connect(HttpClientConnectionOperator.java:125)
	... 16 more

!ENTRY org.eclipse.epp.logging.aeri.ui 2 29 2016-02-15 15:50:06.723
!MESSAGE Startup failed, AERI is disabled until next restart. Version: 1.0.1.v20150913-0716
!STACK 0
java.lang.RuntimeException: org.apache.http.conn.ConnectTimeoutException: Connect to dev.eclipse.org:443 [dev.eclipse.org/198.41.30.200] failed: connect timed out
	at com.google.common.base.Throwables.propagate(Throwables.java:160)
	at org.eclipse.epp.internal.logging.aeri.ide.Startup.initializeServerAndConfiguration(Startup.java:219)
	at org.eclipse.epp.internal.logging.aeri.ide.Startup.access$4(Startup.java:201)
	at org.eclipse.epp.internal.logging.aeri.ide.Startup$1.run(Startup.java:98)
	at org.eclipse.core.internal.jobs.Worker.run(Worker.java:55)
Caused by: org.apache.http.conn.ConnectTimeoutException: Connect to dev.eclipse.org:443 [dev.eclipse.org/198.41.30.200] failed: connect timed out
	at org.apache.http.impl.conn.HttpClientConnectionOperator.connect(HttpClientConnectionOperator.java:134)
	at org.apache.http.impl.conn.PoolingHttpClientConnectionManager.connect(PoolingHttpClientConnectionManager.java:319)
	at org.apache.http.impl.execchain.MainClientExec.establishRoute(MainClientExec.java:363)
	at org.apache.http.impl.execchain.MainClientExec.execute(MainClientExec.java:219)
	at org.apache.http.impl.execchain.ProtocolExec.execute(ProtocolExec.java:195)
	at org.apache.http.impl.execchain.RetryExec.execute(RetryExec.java:86)
	at org.apache.http.impl.execchain.RedirectExec.execute(RedirectExec.java:108)
	at org.apache.http.impl.client.InternalHttpClient.doExecute(InternalHttpClient.java:184)
	at org.apache.http.impl.client.CloseableHttpClient.execute(CloseableHttpClient.java:82)
	at org.apache.http.impl.client.CloseableHttpClient.execute(CloseableHttpClient.java:57)
	at org.apache.http.client.fluent.Executor.execute(Executor.java:206)
	at org.eclipse.epp.internal.logging.aeri.ui.v2.AeriServer.request(AeriServer.java:57)
	at org.eclipse.epp.internal.logging.aeri.ui.v2.AeriServer.refreshConfiguration(AeriServer.java:73)
	at org.eclipse.epp.internal.logging.aeri.ide.Startup.initializeServerAndConfiguration(Startup.java:211)
	... 3 more
Caused by: java.net.SocketTimeoutException: connect timed out
	at java.net.DualStackPlainSocketImpl.waitForConnect(Native Method)
	at java.net.DualStackPlainSocketImpl.socketConnect(Unknown Source)
	at java.net.AbstractPlainSocketImpl.doConnect(Unknown Source)
	at java.net.AbstractPlainSocketImpl.connectToAddress(Unknown Source)
	at java.net.AbstractPlainSocketImpl.connect(Unknown Source)
	at java.net.PlainSocketImpl.connect(Unknown Source)
	at java.net.SocksSocketImpl.connect(Unknown Source)
	at java.net.Socket.connect(Unknown Source)
	at org.apache.http.conn.ssl.SSLConnectionSocketFactory.connectSocket(SSLConnectionSocketFactory.java:244)
	at org.apache.http.impl.conn.HttpClientConnectionOperator.connect(HttpClientConnectionOperator.java:125)
	... 16 more
!SESSION 2016-02-15 15:53:20.798 -----------------------------------------------
eclipse.buildId=4.5.1.M20150904-0015
java.version=1.8.0_65
java.vendor=Oracle Corporation
BootLoader constants: OS=win32, ARCH=x86_64, WS=win32, NL=en_US
Framework arguments:  -product org.eclipse.epp.package.java.product
Command-line arguments:  -os win32 -ws win32 -arch x86_64 -product org.eclipse.epp.package.java.product

!ENTRY org.eclipse.egit.ui 2 0 2016-02-15 15:54:10.725
!MESSAGE Warning: The environment variable HOME is not set. The following directory will be used to store the Git
user global configuration and to define the default location to store repositories: 'C:\Users\faisal.therap'. If this is
not correct please set the HOME environment variable and restart Eclipse. Otherwise Git for Windows and
EGit might behave differently since they see different configuration options.
This warning can be switched off on the Team > Git > Confirmations and Warnings preference page.

!ENTRY org.eclipse.jdt.core 4 4 2016-02-15 15:58:47.294
!MESSAGE JavaBuilder handling ImageBuilderInternalException while building: UCSDUnfoldingMaps
!STACK 1
org.eclipse.core.internal.resources.ResourceException: Resource already exists on disk: '/UCSDUnfoldingMaps/build/city-data.json'.
	at org.eclipse.core.internal.localstore.FileSystemResourceManager.copy(FileSystemResourceManager.java:308)
	at org.eclipse.core.internal.resources.Resource.copy(Resource.java:551)
	at org.eclipse.jdt.internal.core.builder.AbstractImageBuilder.copyResource(AbstractImageBuilder.java:382)
	at org.eclipse.jdt.internal.core.builder.BatchImageBuilder$3.visit(BatchImageBuilder.java:223)
	at org.eclipse.core.internal.resources.Resource$1.visitElement(Resource.java:83)
	at org.eclipse.core.internal.watson.ElementTreeIterator.doIteration(ElementTreeIterator.java:82)
	at org.eclipse.core.internal.watson.ElementTreeIterator.doIteration(ElementTreeIterator.java:87)
	at org.eclipse.core.internal.watson.ElementTreeIterator.iterate(ElementTreeIterator.java:129)
	at org.eclipse.core.internal.resources.Resource.accept(Resource.java:93)
	at org.eclipse.core.internal.resources.Resource.accept(Resource.java:51)
	at org.eclipse.jdt.internal.core.builder.BatchImageBuilder.copyExtraResourcesBack(BatchImageBuilder.java:192)
	at org.eclipse.jdt.internal.core.builder.BatchImageBuilder.cleanOutputFolders(BatchImageBuilder.java:120)
	at org.eclipse.jdt.internal.core.builder.BatchImageBuilder.build(BatchImageBuilder.java:47)
	at org.eclipse.jdt.internal.core.builder.JavaBuilder.buildAll(JavaBuilder.java:256)
	at org.eclipse.jdt.internal.core.builder.JavaBuilder.build(JavaBuilder.java:175)
	at org.eclipse.core.internal.events.BuildManager$2.run(BuildManager.java:734)
	at org.eclipse.core.runtime.SafeRunner.run(SafeRunner.java:42)
	at org.eclipse.core.internal.events.BuildManager.basicBuild(BuildManager.java:205)
	at org.eclipse.core.internal.events.BuildManager.basicBuild(BuildManager.java:245)
	at org.eclipse.core.internal.events.BuildManager$1.run(BuildManager.java:300)
	at org.eclipse.core.runtime.SafeRunner.run(SafeRunner.java:42)
	at org.eclipse.core.internal.events.BuildManager.basicBuild(BuildManager.java:303)
	at org.eclipse.core.internal.events.BuildManager.basicBuildLoop(BuildManager.java:359)
	at org.eclipse.core.internal.events.BuildManager.build(BuildManager.java:382)
	at org.eclipse.core.internal.events.AutoBuildJob.doBuild(AutoBuildJob.java:144)
	at org.eclipse.core.internal.events.AutoBuildJob.run(AutoBuildJob.java:235)
	at org.eclipse.core.internal.jobs.Worker.run(Worker.java:55)
!SUBENTRY 1 org.eclipse.core.resources 4 272 2016-02-15 15:58:47.297
!MESSAGE Resource already exists on disk: '/UCSDUnfoldingMaps/build/city-data.json'.
!SESSION 2016-03-08 10:05:29.724 -----------------------------------------------
eclipse.buildId=4.5.1.M20150904-0015
java.version=1.8.0_65
java.vendor=Oracle Corporation
BootLoader constants: OS=win32, ARCH=x86_64, WS=win32, NL=en_US
Framework arguments:  -product org.eclipse.epp.package.java.product
Command-line arguments:  -os win32 -ws win32 -arch x86_64 -product org.eclipse.epp.package.java.product

!ENTRY org.eclipse.egit.ui 2 0 2016-03-08 10:20:46.307
!MESSAGE Warning: The environment variable HOME is not set. The following directory will be used to store the Git
user global configuration and to define the default location to store repositories: 'C:\Users\faisal.therap'. If this is
not correct please set the HOME environment variable and restart Eclipse. Otherwise Git for Windows and
EGit might behave differently since they see different configuration options.
This warning can be switched off on the Team > Git > Confirmations and Warnings preference page.
!SESSION 2016-03-08 19:42:56.393 -----------------------------------------------
eclipse.buildId=4.5.2.M20160212-1500
java.version=1.8.0_73
java.vendor=Oracle Corporation
BootLoader constants: OS=win32, ARCH=x86_64, WS=win32, NL=en_US
Framework arguments:  -product org.eclipse.epp.package.java.product -product org.eclipse.epp.package.java.product
Command-line arguments:  -os win32 -ws win32 -arch x86_64 -product org.eclipse.epp.package.java.product -data C:\Users\iqbal\Dropbox\OOP -product org.eclipse.epp.package.java.product

!ENTRY org.eclipse.egit.ui 2 0 2016-03-08 19:43:12.238
!MESSAGE Warning: The environment variable HOME is not set. The following directory will be used to store the Git
user global configuration and to define the default location to store repositories: 'C:\Users\iqbal'. If this is
not correct please set the HOME environment variable and restart Eclipse. Otherwise Git for Windows and
EGit might behave differently since they see different configuration options.
This warning can be switched off on the Team > Git > Confirmations and Warnings preference page.
!SESSION 2016-03-08 21:13:22.658 -----------------------------------------------
eclipse.buildId=4.5.2.M20160212-1500
java.version=1.8.0_73
java.vendor=Oracle Corporation
BootLoader constants: OS=win32, ARCH=x86_64, WS=win32, NL=en_US
Framework arguments:  -product org.eclipse.epp.package.java.product
Command-line arguments:  -os win32 -ws win32 -arch x86_64 -product org.eclipse.epp.package.java.product

!ENTRY org.eclipse.egit.ui 2 0 2016-03-08 21:13:38.311
!MESSAGE Warning: The environment variable HOME is not set. The following directory will be used to store the Git
user global configuration and to define the default location to store repositories: 'C:\Users\iqbal'. If this is
not correct please set the HOME environment variable and restart Eclipse. Otherwise Git for Windows and
EGit might behave differently since they see different configuration options.
This warning can be switched off on the Team > Git > Confirmations and Warnings preference page.
!SESSION 2016-03-09 14:57:47.033 -----------------------------------------------
eclipse.buildId=4.5.1.M20150904-0015
java.version=1.8.0_65
java.vendor=Oracle Corporation
BootLoader constants: OS=win32, ARCH=x86_64, WS=win32, NL=en_US
Framework arguments:  -product org.eclipse.epp.package.java.product
Command-line arguments:  -os win32 -ws win32 -arch x86_64 -product org.eclipse.epp.package.java.product

!ENTRY org.eclipse.egit.ui 2 0 2016-03-09 14:58:25.440
!MESSAGE Warning: The environment variable HOME is not set. The following directory will be used to store the Git
user global configuration and to define the default location to store repositories: 'C:\Users\faisal.therap'. If this is
not correct please set the HOME environment variable and restart Eclipse. Otherwise Git for Windows and
EGit might behave differently since they see different configuration options.
This warning can be switched off on the Team > Git > Confirmations and Warnings preference page.
!SESSION 2016-03-11 23:43:47.594 -----------------------------------------------
eclipse.buildId=4.5.2.M20160212-1500
java.version=1.8.0_73
java.vendor=Oracle Corporation
BootLoader constants: OS=win32, ARCH=x86_64, WS=win32, NL=en_US
Framework arguments:  -product org.eclipse.epp.package.java.product
Command-line arguments:  -os win32 -ws win32 -arch x86_64 -product org.eclipse.epp.package.java.product

!ENTRY org.eclipse.egit.ui 2 0 2016-03-11 23:44:06.772
!MESSAGE Warning: The environment variable HOME is not set. The following directory will be used to store the Git
user global configuration and to define the default location to store repositories: 'C:\Users\iqbal'. If this is
not correct please set the HOME environment variable and restart Eclipse. Otherwise Git for Windows and
EGit might behave differently since they see different configuration options.
This warning can be switched off on the Team > Git > Confirmations and Warnings preference page.
